<?xml version="1.0" encoding="UTF-8"?>
<coverage generated="1762839787846" clover="3.2.0">
  <project timestamp="1762839787846" name="All files">
    <metrics statements="40" coveredstatements="12" conditionals="30" coveredconditionals="2" methods="13" coveredmethods="4" elements="83" coveredelements="18" complexity="0" loc="40" ncloc="40" packages="2" files="3" classes="3"/>
    <package name="mocks">
      <metrics statements="27" coveredstatements="1" conditionals="24" coveredconditionals="0" methods="8" coveredmethods="0"/>
      <file name="handlers.ts" path="C:\Users\marga\OneDrive\Escritorio\MARGARITA\ING DE SOFT 3\TP8-ingsw\ventas-frontend\src\mocks\handlers.ts">
        <metrics statements="24" coveredstatements="0" conditionals="24" coveredconditionals="0" methods="8" coveredmethods="0"/>
        <line num="5" count="0" type="stmt"/>
        <line num="8" count="0" type="stmt"/>
        <line num="14" count="0" type="stmt"/>
        <line num="17" count="0" type="stmt"/>
        <line num="21" count="0" type="stmt"/>
        <line num="26" count="0" type="stmt"/>
        <line num="31" count="0" type="stmt"/>
        <line num="32" count="0" type="cond" truecount="0" falsecount="5"/>
        <line num="33" count="0" type="stmt"/>
        <line num="35" count="0" type="stmt"/>
        <line num="39" count="0" type="stmt"/>
        <line num="40" count="0" type="cond" truecount="0" falsecount="5"/>
        <line num="41" count="0" type="stmt"/>
        <line num="43" count="0" type="stmt"/>
        <line num="48" count="0" type="stmt"/>
        <line num="49" count="0" type="cond" truecount="0" falsecount="6"/>
        <line num="50" count="0" type="stmt"/>
        <line num="52" count="0" type="stmt"/>
        <line num="56" count="0" type="stmt"/>
        <line num="57" count="0" type="cond" truecount="0" falsecount="6"/>
        <line num="58" count="0" type="stmt"/>
        <line num="61" count="0" type="cond" truecount="0" falsecount="2"/>
        <line num="62" count="0" type="stmt"/>
        <line num="63" count="0" type="stmt"/>
      </file>
      <file name="server.ts" path="C:\Users\marga\OneDrive\Escritorio\MARGARITA\ING DE SOFT 3\TP8-ingsw\ventas-frontend\src\mocks\server.ts">
        <metrics statements="3" coveredstatements="1" conditionals="0" coveredconditionals="0" methods="0" coveredmethods="0"/>
        <line num="1" count="7" type="stmt"/>
        <line num="2" count="0" type="stmt"/>
        <line num="5" count="0" type="stmt"/>
      </file>
    </package>
    <package name="pages">
      <metrics statements="13" coveredstatements="11" conditionals="6" coveredconditionals="2" methods="5" coveredmethods="4"/>
      <file name="Productos.tsx" path="C:\Users\marga\OneDrive\Escritorio\MARGARITA\ING DE SOFT 3\TP8-ingsw\ventas-frontend\src\pages\Productos.tsx">
        <metrics statements="13" coveredstatements="11" conditionals="6" coveredconditionals="2" methods="5" coveredmethods="4"/>
        <line num="1" count="2" type="stmt"/>
        <line num="2" count="2" type="stmt"/>
        <line num="11" count="2" type="stmt"/>
        <line num="12" count="4" type="stmt"/>
        <line num="14" count="4" type="stmt"/>
        <line num="15" count="2" type="stmt"/>
        <line num="18" count="2" type="cond" truecount="1" falsecount="1"/>
        <line num="21" count="2" type="cond" truecount="1" falsecount="1"/>
        <line num="22" count="0" type="stmt"/>
        <line num="24" count="2" type="stmt"/>
        <line num="26" count="0" type="stmt"/>
        <line num="29" count="4" type="stmt"/>
        <line num="34" count="2" type="stmt"/>
      </file>
    </package>
  </project>
</coverage>
