{"C:\\Users\\marga\\OneDrive\\Escritorio\\MARGARITA\\ING DE SOFT 3\\TP8-ingsw\\ventas-frontend\\src\\mocks\\handlers.ts": {"path":"C:\\Users\\marga\\OneDrive\\Escritorio\\MARGARITA\\ING DE SOFT 3\\TP8-ingsw\\ventas-frontend\\src\\mocks\\handlers.ts","statementMap":{"0":{"start":{"line":5,"column":14},"end":{"line":5,"column":41}},"1":{"start":{"line":8,"column":23},"end":{"line":10,"column":null}},"2":{"start":{"line":14,"column":13},"end":{"line":65,"column":null}},"3":{"start":{"line":17,"column":4},"end":{"line":17,"column":null}},"4":{"start":{"line":21,"column":4},"end":{"line":21,"column":null}},"5":{"start":{"line":26,"column":4},"end":{"line":26,"column":null}},"6":{"start":{"line":31,"column":17},"end":{"line":31,"column":33}},"7":{"start":{"line":32,"column":4},"end":{"line":34,"column":5}},"8":{"start":{"line":33,"column":6},"end":{"line":33,"column":null}},"9":{"start":{"line":35,"column":4},"end":{"line":35,"column":null}},"10":{"start":{"line":39,"column":17},"end":{"line":39,"column":33}},"11":{"start":{"line":40,"column":4},"end":{"line":42,"column":5}},"12":{"start":{"line":41,"column":6},"end":{"line":41,"column":null}},"13":{"start":{"line":43,"column":4},"end":{"line":43,"column":null}},"14":{"start":{"line":48,"column":17},"end":{"line":48,"column":33}},"15":{"start":{"line":49,"column":4},"end":{"line":51,"column":5}},"16":{"start":{"line":50,"column":6},"end":{"line":50,"column":null}},"17":{"start":{"line":52,"column":4},"end":{"line":52,"column":null}},"18":{"start":{"line":56,"column":17},"end":{"line":56,"column":33}},"19":{"start":{"line":57,"column":4},"end":{"line":59,"column":5}},"20":{"start":{"line":58,"column":6},"end":{"line":58,"column":null}},"21":{"start":{"line":61,"column":17},"end":{"line":61,"column":91}},"22":{"start":{"line":61,"column":44},"end":{"line":61,"column":69}},"23":{"start":{"line":62,"column":19},"end":{"line":62,"column":46}},"24":{"start":{"line":63,"column":4},"end":{"line":63,"column":null}}},"fnMap":{"0":{"name":"(anonymous_0)","decl":{"start":{"line":16,"column":24},"end":{"line":16,"column":25}},"loc":{"start":{"line":16,"column":57},"end":{"line":18,"column":3}}},"1":{"name":"(anonymous_1)","decl":{"start":{"line":20,"column":25},"end":{"line":20,"column":26}},"loc":{"start":{"line":20,"column":58},"end":{"line":22,"column":3}}},"2":{"name":"(anonymous_2)","decl":{"start":{"line":25,"column":46},"end":{"line":25,"column":47}},"loc":{"start":{"line":25,"column":79},"end":{"line":27,"column":3}}},"3":{"name":"(anonymous_3)","decl":{"start":{"line":30,"column":22},"end":{"line":30,"column":27}},"loc":{"start":{"line":30,"column":61},"end":{"line":36,"column":3}}},"4":{"name":"(anonymous_4)","decl":{"start":{"line":38,"column":43},"end":{"line":38,"column":48}},"loc":{"start":{"line":38,"column":82},"end":{"line":44,"column":3}}},"5":{"name":"(anonymous_5)","decl":{"start":{"line":47,"column":24},"end":{"line":47,"column":29}},"loc":{"start":{"line":47,"column":63},"end":{"line":53,"column":3}}},"6":{"name":"(anonymous_6)","decl":{"start":{"line":55,"column":23},"end":{"line":55,"column":28}},"loc":{"start":{"line":55,"column":62},"end":{"line":64,"column":3}}},"7":{"name":"(anonymous_7)","decl":{"start":{"line":61,"column":37},"end":{"line":61,"column":38}},"loc":{"start":{"line":61,"column":44},"end":{"line":61,"column":69}}}},"branchMap":{"0":{"loc":{"start":{"line":32,"column":4},"end":{"line":34,"column":5}},"type":"if","locations":[{"start":{"line":32,"column":4},"end":{"line":34,"column":5}},{"start":{},"end":{}}]},"1":{"loc":{"start":{"line":32,"column":8},"end":{"line":32,"column":44}},"type":"binary-expr","locations":[{"start":{"line":32,"column":8},"end":{"line":32,"column":13}},{"start":{"line":32,"column":17},"end":{"line":32,"column":29}},{"start":{"line":32,"column":33},"end":{"line":32,"column":44}}]},"2":{"loc":{"start":{"line":40,"column":4},"end":{"line":42,"column":5}},"type":"if","locations":[{"start":{"line":40,"column":4},"end":{"line":42,"column":5}},{"start":{},"end":{}}]},"3":{"loc":{"start":{"line":40,"column":8},"end":{"line":40,"column":44}},"type":"binary-expr","locations":[{"start":{"line":40,"column":8},"end":{"line":40,"column":13}},{"start":{"line":40,"column":17},"end":{"line":40,"column":29}},{"start":{"line":40,"column":33},"end":{"line":40,"column":44}}]},"4":{"loc":{"start":{"line":49,"column":4},"end":{"line":51,"column":5}},"type":"if","locations":[{"start":{"line":49,"column":4},"end":{"line":51,"column":5}},{"start":{},"end":{}}]},"5":{"loc":{"start":{"line":49,"column":8},"end":{"line":49,"column":74}},"type":"binary-expr","locations":[{"start":{"line":49,"column":8},"end":{"line":49,"column":13}},{"start":{"line":49,"column":17},"end":{"line":49,"column":34}},{"start":{"line":49,"column":38},"end":{"line":49,"column":52}},{"start":{"line":49,"column":56},"end":{"line":49,"column":74}}]},"6":{"loc":{"start":{"line":57,"column":4},"end":{"line":59,"column":5}},"type":"if","locations":[{"start":{"line":57,"column":4},"end":{"line":59,"column":5}},{"start":{},"end":{}}]},"7":{"loc":{"start":{"line":57,"column":8},"end":{"line":57,"column":74}},"type":"binary-expr","locations":[{"start":{"line":57,"column":8},"end":{"line":57,"column":13}},{"start":{"line":57,"column":17},"end":{"line":57,"column":34}},{"start":{"line":57,"column":38},"end":{"line":57,"column":52}},{"start":{"line":57,"column":56},"end":{"line":57,"column":74}}]},"8":{"loc":{"start":{"line":61,"column":17},"end":{"line":61,"column":91}},"type":"binary-expr","locations":[{"start":{"line":61,"column":17},"end":{"line":61,"column":70}},{"start":{"line":61,"column":74},"end":{"line":61,"column":91}}]}},"s":{"0":0,"1":0,"2":0,"3":0,"4":0,"5":0,"6":0,"7":0,"8":0,"9":0,"10":0,"11":0,"12":0,"13":0,"14":0,"15":0,"16":0,"17":0,"18":0,"19":0,"20":0,"21":0,"22":0,"23":0,"24":0},"f":{"0":0,"1":0,"2":0,"3":0,"4":0,"5":0,"6":0,"7":0},"b":{"0":[0,0],"1":[0,0,0],"2":[0,0],"3":[0,0,0],"4":[0,0],"5":[0,0,0,0],"6":[0,0],"7":[0,0,0,0],"8":[0,0]}}
,"C:\\Users\\marga\\OneDrive\\Escritorio\\MARGARITA\\ING DE SOFT 3\\TP8-ingsw\\ventas-frontend\\src\\mocks\\server.ts": {"path":"C:\\Users\\marga\\OneDrive\\Escritorio\\MARGARITA\\ING DE SOFT 3\\TP8-ingsw\\ventas-frontend\\src\\mocks\\server.ts","statementMap":{"0":{"start":{"line":1,"column":0},"end":{"line":1,"column":38}},"1":{"start":{"line":2,"column":0},"end":{"line":2,"column":37}},"2":{"start":{"line":5,"column":13},"end":{"line":5,"column":null}}},"fnMap":{},"branchMap":{},"s":{"0":7,"1":0,"2":0},"f":{},"b":{}}
,"C:\\Users\\marga\\OneDrive\\Escritorio\\MARGARITA\\ING DE SOFT 3\\TP8-ingsw\\ventas-frontend\\src\\pages\\Productos.tsx": {"path":"C:\\Users\\marga\\OneDrive\\Escritorio\\MARGARITA\\ING DE SOFT 3\\TP8-ingsw\\ventas-frontend\\src\\pages\\Productos.tsx","statementMap":{"0":{"start":{"line":11,"column":0},"end":{"line":11,"column":24}},"1":{"start":{"line":1,"column":0},"end":{"line":1,"column":50}},"2":{"start":{"line":2,"column":0},"end":{"line":2,"column":30}},"3":{"start":{"line":12,"column":38},"end":{"line":12,"column":62}},"4":{"start":{"line":14,"column":4},"end":{"line":27,"column":null}},"5":{"start":{"line":15,"column":8},"end":{"line":26,"column":null}},"6":{"start":{"line":18,"column":29},"end":{"line":20,"column":74}},"7":{"start":{"line":21,"column":16},"end":{"line":23,"column":17}},"8":{"start":{"line":22,"column":20},"end":{"line":22,"column":null}},"9":{"start":{"line":24,"column":16},"end":{"line":24,"column":null}},"10":{"start":{"line":26,"column":26},"end":{"line":26,"column":44}},"11":{"start":{"line":29,"column":4},"end":{"line":40,"column":null}},"12":{"start":{"line":34,"column":20},"end":{"line":35,"column":null}}},"fnMap":{"0":{"name":"Productos","decl":{"start":{"line":11,"column":24},"end":{"line":11,"column":33}},"loc":{"start":{"line":11,"column":33},"end":{"line":41,"column":1}}},"1":{"name":"(anonymous_11)","decl":{"start":{"line":14,"column":14},"end":{"line":14,"column":17}},"loc":{"start":{"line":14,"column":19},"end":{"line":27,"column":5}}},"2":{"name":"(anonymous_12)","decl":{"start":{"line":16,"column":18},"end":{"line":16,"column":21}},"loc":{"start":{"line":16,"column":24},"end":{"line":25,"column":13}}},"3":{"name":"(anonymous_13)","decl":{"start":{"line":26,"column":19},"end":{"line":26,"column":22}},"loc":{"start":{"line":26,"column":26},"end":{"line":26,"column":44}}},"4":{"name":"(anonymous_14)","decl":{"start":{"line":33,"column":31},"end":{"line":33,"column":32}},"loc":{"start":{"line":34,"column":20},"end":{"line":35,"column":null}}}},"branchMap":{"0":{"loc":{"start":{"line":18,"column":29},"end":{"line":20,"column":74}},"type":"cond-expr","locations":[{"start":{"line":19,"column":22},"end":{"line":19,"column":30}},{"start":{"line":20,"column":23},"end":{"line":20,"column":73}}]},"1":{"loc":{"start":{"line":20,"column":23},"end":{"line":20,"column":73}},"type":"cond-expr","locations":[{"start":{"line":20,"column":55},"end":{"line":20,"column":68}},{"start":{"line":20,"column":71},"end":{"line":20,"column":73}}]},"2":{"loc":{"start":{"line":21,"column":16},"end":{"line":23,"column":17}},"type":"if","locations":[{"start":{"line":21,"column":16},"end":{"line":23,"column":17}},{"start":{},"end":{}}]}},"s":{"0":2,"1":2,"2":2,"3":4,"4":4,"5":2,"6":2,"7":2,"8":0,"9":2,"10":0,"11":4,"12":2},"f":{"0":4,"1":2,"2":2,"3":0,"4":2},"b":{"0":[2,0],"1":[0,0],"2":[0,2]}}
}
