TN:
SF:src\mocks\handlers.ts
FN:16,(anonymous_0)
FN:20,(anonymous_1)
FN:25,(anonymous_2)
FN:30,(anonymous_3)
FN:38,(anonymous_4)
FN:47,(anonymous_5)
FN:55,(anonymous_6)
FN:61,(anonymous_7)
FNF:8
FNH:0
FNDA:0,(anonymous_0)
FNDA:0,(anonymous_1)
FNDA:0,(anonymous_2)
FNDA:0,(anonymous_3)
FNDA:0,(anonymous_4)
FNDA:0,(anonymous_5)
FNDA:0,(anonymous_6)
FNDA:0,(anonymous_7)
DA:5,0
DA:8,0
DA:14,0
DA:17,0
DA:21,0
DA:26,0
DA:31,0
DA:32,0
DA:33,0
DA:35,0
DA:39,0
DA:40,0
DA:41,0
DA:43,0
DA:48,0
DA:49,0
DA:50,0
DA:52,0
DA:56,0
DA:57,0
DA:58,0
DA:61,0
DA:62,0
DA:63,0
LF:24
LH:0
BRDA:32,0,0,0
BRDA:32,0,1,0
BRDA:32,1,0,0
BRDA:32,1,1,0
BRDA:32,1,2,0
BRDA:40,2,0,0
BRDA:40,2,1,0
BRDA:40,3,0,0
BRDA:40,3,1,0
BRDA:40,3,2,0
BRDA:49,4,0,0
BRDA:49,4,1,0
BRDA:49,5,0,0
BRDA:49,5,1,0
BRDA:49,5,2,0
BRDA:49,5,3,0
BRDA:57,6,0,0
BRDA:57,6,1,0
BRDA:57,7,0,0
BRDA:57,7,1,0
BRDA:57,7,2,0
BRDA:57,7,3,0
BRDA:61,8,0,0
BRDA:61,8,1,0
BRF:24
BRH:0
end_of_record
TN:
SF:src\mocks\server.ts
FNF:0
FNH:0
DA:1,7
DA:2,0
DA:5,0
LF:3
LH:1
BRF:0
BRH:0
end_of_record
TN:
SF:src\pages\Productos.tsx
FN:11,Productos
FN:14,(anonymous_11)
FN:16,(anonymous_12)
FN:26,(anonymous_13)
FN:33,(anonymous_14)
FNF:5
FNH:4
FNDA:4,Productos
FNDA:2,(anonymous_11)
FNDA:2,(anonymous_12)
FNDA:0,(anonymous_13)
FNDA:2,(anonymous_14)
DA:1,2
DA:2,2
DA:11,2
DA:12,4
DA:14,4
DA:15,2
DA:18,2
DA:21,2
DA:22,0
DA:24,2
DA:26,0
DA:29,4
DA:34,2
LF:13
LH:11
BRDA:18,0,0,2
BRDA:18,0,1,0
BRDA:20,1,0,0
BRDA:20,1,1,0
BRDA:21,2,0,0
BRDA:21,2,1,2
BRF:6
BRH:2
end_of_record
